Zelda wakes up the animals.
Charlie the Cat woke up.
Chloe the Cat woke up.
Daniel the Dog woke up.
Dorothy the Dog woke up.
Ernie the Elephant woke up.
Elizabeth the Elephant woke up.
Harley the Hippo woke up.
Herald the Hippo woke up.
Larry the Lion woke up.
Lisa the Lion woke up.
Richie the Rhino woke up.
Rachel the Rhino woke up.
Tony the Tiger woke up.
Trish the Tiger woke up.
William the Wolf woke up.
Wendy the Wolf woke up.
Zelda roll calls the animals
Charlie the Cat stalks around like a feline.
Chloe the Cat went to sleep.
Daniel the Dog barks like a dog.
Dorothy the Dog barks like a dog.
Ernie the Elephant blares like an elephant.
Elizabeth the Elephant blares like an elephant.
Harley the Hippo yawns like a hippo.
Herald the Hippo yawns like a hippo.
Larry the Lion roars like a lion.
Lisa the Lion roars like a lion.
Richie the Rhino grunts like Rhino.
Rachel the Rhino grunts like Rhino.
Tony the Tiger roars like tiger.
Trish the Tiger roars like tiger.
William howls like a wolf.
Wendy howls like a wolf.
Zelda feeds the animals.
Charlie the Cat eats their food.
Chloe the Cat meows like a cat.
Daniel the Dog eats their food.
Dorothy the Dog eats their food.
Ernie the Elephant eats their food.
Elizabeth the Elephant eats their food.
Harley the Hippo eats their food.
Herald the Hippo eats their food.
Larry the Lion eats their food.
Lisa the Lion eats their food.
Richie the Rhino eats their food.
Rachel the Rhino eats their food.
Tony the Tiger eats their food.
Trish the Tiger eats their food.
William the Wolf eats their food.
Wendy the Wolf eats their food.
Zelda exercises the animals.
Charlie the Cat stalks around like a feline.
Chloe the Cat stalks around like a feline.
Daniel the Dog runs around like a canine.
Dorothy the Dog runs around like a canine.
Ernie the Elephant romps around like a pachyderm.
Elizabeth the Elephant romps around like a pachyderm.
Harley the Hippo romps around like a pachyderm.
Herald the Hippo romps around like a pachyderm.
Larry the Lion stalks around like a feline.
Lisa the Lion stalks around like a feline.
Richie the Rhino romps around like a pachyderm.
Rachel the Rhino romps around like a pachyderm.
Tony the Tiger stalks around like a feline.
Trish the Tiger stalks around like a feline.
William the Wolf runs around like a canine.
Wendy the Wolf runs around like a canine.
Zelda shuts down the zoo.
Charlie the Cat went to sleep.
Chloe the Cat stalks around like a feline.
Daniel the Dog went to sleep.
Dorothy the Dog went to sleep.
Ernie the Elephant went to sleep.
Elizabeth the Elephant went to sleep.
Harley the Hippo went to sleep.
Herald the Hippo went to sleep.
Larry the Lion went to sleep.
Lisa the Lion went to sleep.
Richie the Rhino went to sleep.
Rachel the Rhino went to sleep.
Tony the Tiger went to sleep.
Trish the Tiger went to sleep.
William the Wolf went to sleep.
Wendy the Wolf went to sleep.
